<?xml version="1.0" encoding="UTF-8"?>
<testng-results ignored="0" total="2" passed="2" failed="0" skipped="0">
  <reporter-output>
  </reporter-output>
  <suite started-at="2023-11-29T09:59:51 IST" name="Suite" finished-at="2023-11-29T10:00:11 IST" duration-ms="19755">
    <groups>
    </groups>
    <test started-at="2023-11-29T09:59:51 IST" name="Test" finished-at="2023-11-29T10:00:11 IST" duration-ms="19755">
      <class name="com.hrms.testscripts.TC001">
        <test-method signature="tc001()[pri:0, instance:com.hrms.testscripts.TC001@7fee8714]" started-at="2023-11-29T10:00:04 IST" name="tc001" finished-at="2023-11-29T10:00:11 IST" duration-ms="6783" status="PASS">
          <reporter-output>
          </reporter-output>
        </test-method> <!-- tc001 -->
      </class> <!-- com.hrms.testscripts.TC001 -->
      <class name="com.hrms.testscripts.TC002">
        <test-method signature="tc002()[pri:0, instance:com.hrms.testscripts.TC002@32b260fa]" started-at="2023-11-29T09:59:51 IST" name="tc002" finished-at="2023-11-29T10:00:04 IST" duration-ms="12936" status="PASS">
          <reporter-output>
          </reporter-output>
        </test-method> <!-- tc002 -->
      </class> <!-- com.hrms.testscripts.TC002 -->
    </test> <!-- Test -->
  </suite> <!-- Suite -->
</testng-results>
